# JRE version: Java(TM) SE Runtime Environment 18.9 (11.0.19+9) (build 11.0.19+9-LTS-224)
# Java VM: Java HotSpot(TM) 64-Bit Server VM 18.9 (11.0.19+9-LTS-224, mixed mode, tiered, compressed oops, g1 gc, windows-amd64)
Heap:
 garbage-first heap   total 258048K, used 17301K [0x0000000705000000, 0x0000000800000000)
  region size 1024K, 8 young (8192K), 8 survivors (8192K)
 Metaspace       used 34368K, capacity 35402K, committed 35504K, reserved 1099776K
  class space    used 4374K, capacity 4814K, committed 4864K, reserved 1048576K
GC Heap History (10 events):
Event: 3.541 GC heap before
{Heap before GC invocations=4 (full 0):
 garbage-first heap   total 258048K, used 56546K [0x0000000705000000, 0x0000000800000000)
  region size 1024K, 47 young (48128K), 2 survivors (2048K)
 Metaspace       used 25609K, capacity 26341K, committed 26544K, reserved 1073152K
  class space    used 3198K, capacity 3496K, committed 3584K, reserved 1048576K
}
Event: 3.553 GC heap after
{Heap after GC invocations=5 (full 0):
 garbage-first heap   total 258048K, used 12963K [0x0000000705000000, 0x0000000800000000)
  region size 1024K, 4 young (4096K), 4 survivors (4096K)
 Metaspace       used 25609K, capacity 26341K, committed 26544K, reserved 1073152K
  class space    used 3198K, capacity 3496K, committed 3584K, reserved 1048576K
}
Event: 4.361 GC heap before
{Heap before GC invocations=5 (full 0):
 garbage-first heap   total 258048K, used 93859K [0x0000000705000000, 0x0000000800000000)
  region size 1024K, 83 young (84992K), 4 survivors (4096K)
 Metaspace       used 32097K, capacity 33009K, committed 33328K, reserved 1079296K
  class space    used 4017K, capacity 4404K, committed 4480K, reserved 1048576K
}
Event: 4.368 GC heap after
{Heap after GC invocations=6 (full 0):
 garbage-first heap   total 258048K, used 15992K [0x0000000705000000, 0x0000000800000000)
  region size 1024K, 7 young (7168K), 7 survivors (7168K)
 Metaspace       used 32097K, capacity 33009K, committed 33328K, reserved 1079296K
  class space    used 4017K, capacity 4404K, committed 4480K, reserved 1048576K
}
Event: 4.439 GC heap before
{Heap before GC invocations=6 (full 0):
 garbage-first heap   total 258048K, used 25208K [0x0000000705000000, 0x0000000800000000)
  region size 1024K, 17 young (17408K), 7 survivors (7168K)
 Metaspace       used 33240K, capacity 34165K, committed 34224K, reserved 1085440K
  class space    used 4193K, capacity 4602K, committed 4608K, reserved 1048576K
}
Event: 4.444 GC heap after
{Heap after GC invocations=7 (full 0):
 garbage-first heap   total 258048K, used 16464K [0x0000000705000000, 0x0000000800000000)
  region size 1024K, 7 young (7168K), 7 survivors (7168K)
 Metaspace       used 33240K, capacity 34165K, committed 34224K, reserved 1085440K
  class space    used 4193K, capacity 4602K, committed 4608K, reserved 1048576K
}
Event: 4.623 GC heap before
{Heap before GC invocations=8 (full 0):
 garbage-first heap   total 258048K, used 32848K [0x0000000705000000, 0x0000000800000000)
  region size 1024K, 24 young (24576K), 7 survivors (7168K)
 Metaspace       used 34077K, capacity 35114K, committed 35248K, reserved 1091584K
  class space    used 4339K, capacity 4782K, committed 4864K, reserved 1048576K
}
Event: 4.631 GC heap after
{Heap after GC invocations=9 (full 0):
 garbage-first heap   total 258048K, used 17265K [0x0000000705000000, 0x0000000800000000)
  region size 1024K, 8 young (8192K), 8 survivors (8192K)
 Metaspace       used 34077K, capacity 35114K, committed 35248K, reserved 1091584K
  class space    used 4339K, capacity 4782K, committed 4864K, reserved 1048576K
}
Event: 4.672 GC heap before
{Heap before GC invocations=10 (full 0):
 garbage-first heap   total 258048K, used 20337K [0x0000000705000000, 0x0000000800000000)
  region size 1024K, 12 young (12288K), 8 survivors (8192K)
 Metaspace       used 34368K, capacity 35402K, committed 35504K, reserved 1097728K
  class space    used 4374K, capacity 4814K, committed 4864K, reserved 1048576K
}
Event: 4.678 GC heap after
{Heap after GC invocations=11 (full 0):
 garbage-first heap   total 258048K, used 17301K [0x0000000705000000, 0x0000000800000000)
  region size 1024K, 8 young (8192K), 8 survivors (8192K)
 Metaspace       used 34368K, capacity 35402K, committed 35504K, reserved 1097728K
  class space    used 4374K, capacity 4814K, committed 4864K, reserved 1048576K
}

